{"C:\\NxProjects\\Project\\api\\src\\app\\app.controller.ts": {"path":"C:\\NxProjects\\Project\\api\\src\\app\\app.controller.ts","statementMap":{"0":{"start":{"line":1,"column":0},"end":{"line":1,"column":49}},"1":{"start":{"line":2,"column":0},"end":{"line":2,"column":43}},"2":{"start":{"line":5,"column":7},"end":{"line":12,"column":null}},"3":{"start":{"line":6,"column":31},"end":{"line":6,"column":43}},"4":{"start":{"line":10,"column":4},"end":{"line":10,"column":37}},"5":{"start":{"line":5,"column":13},"end":{"line":5,"column":26}},"6":{"start":{"line":9,"column":2},"end":{"line":11,"column":null}},"7":{"start":{"line":5,"column":13},"end":{"line":12,"column":null}}},"fnMap":{"0":{"name":"(anonymous_0)","decl":{"start":{"line":6,"column":2},"end":{"line":6,"column":31}},"loc":{"start":{"line":6,"column":53},"end":{"line":6,"column":57}}},"1":{"name":"(anonymous_1)","decl":{"start":{"line":9,"column":2},"end":{"line":9,"column":9}},"loc":{"start":{"line":9,"column":9},"end":{"line":11,"column":3}}}},"branchMap":{},"s":{"0":1,"1":1,"2":1,"3":1,"4":1,"5":1,"6":1,"7":1},"f":{"0":1,"1":1},"b":{}}
,"C:\\NxProjects\\Project\\api\\src\\app\\app.service.ts": {"path":"C:\\NxProjects\\Project\\api\\src\\app\\app.service.ts","statementMap":{"0":{"start":{"line":1,"column":0},"end":{"line":1,"column":44}},"1":{"start":{"line":4,"column":7},"end":{"line":8,"column":null}},"2":{"start":{"line":6,"column":4},"end":{"line":6,"column":36}},"3":{"start":{"line":4,"column":13},"end":{"line":4,"column":23}},"4":{"start":{"line":4,"column":13},"end":{"line":8,"column":null}}},"fnMap":{"0":{"name":"(anonymous_0)","decl":{"start":{"line":5,"column":2},"end":{"line":5,"column":9}},"loc":{"start":{"line":5,"column":9},"end":{"line":7,"column":3}}}},"branchMap":{},"s":{"0":2,"1":2,"2":1,"3":2,"4":2},"f":{"0":1},"b":{}}
,"C:\\NxProjects\\Project\\api\\src\\app\\auth.controller.ts": {"path":"C:\\NxProjects\\Project\\api\\src\\app\\auth.controller.ts","statementMap":{"0":{"start":{"line":1,"column":0},"end":{"line":1,"column":77}},"1":{"start":{"line":2,"column":0},"end":{"line":2,"column":45}},"2":{"start":{"line":3,"column":0},"end":{"line":3,"column":45}},"3":{"start":{"line":6,"column":7},"end":{"line":23,"column":null}},"4":{"start":{"line":7,"column":31},"end":{"line":7,"column":44}},"5":{"start":{"line":11,"column":4},"end":{"line":11,"column":41}},"6":{"start":{"line":16,"column":4},"end":{"line":16,"column":41}},"7":{"start":{"line":21,"column":4},"end":{"line":21,"column":20}},"8":{"start":{"line":6,"column":13},"end":{"line":6,"column":27}},"9":{"start":{"line":10,"column":8},"end":{"line":12,"column":null}},"10":{"start":{"line":15,"column":8},"end":{"line":17,"column":null}},"11":{"start":{"line":20,"column":2},"end":{"line":22,"column":null}},"12":{"start":{"line":6,"column":13},"end":{"line":23,"column":null}}},"fnMap":{"0":{"name":"(anonymous_0)","decl":{"start":{"line":7,"column":2},"end":{"line":7,"column":31}},"loc":{"start":{"line":7,"column":55},"end":{"line":7,"column":59}}},"1":{"name":"(anonymous_1)","decl":{"start":{"line":10,"column":8},"end":{"line":10,"column":14}},"loc":{"start":{"line":10,"column":78},"end":{"line":12,"column":null}}},"2":{"name":"(anonymous_3)","decl":{"start":{"line":15,"column":8},"end":{"line":15,"column":14}},"loc":{"start":{"line":15,"column":64},"end":{"line":17,"column":null}}},"3":{"name":"(anonymous_5)","decl":{"start":{"line":20,"column":2},"end":{"line":20,"column":12}},"loc":{"start":{"line":20,"column":23},"end":{"line":22,"column":3}}}},"branchMap":{},"s":{"0":1,"1":1,"2":1,"3":1,"4":1,"5":0,"6":0,"7":0,"8":1,"9":1,"10":1,"11":1,"12":1},"f":{"0":1,"1":0,"2":0,"3":0},"b":{}}
,"C:\\NxProjects\\Project\\api\\src\\app\\auth.service.ts": {"path":"C:\\NxProjects\\Project\\api\\src\\app\\auth.service.ts","statementMap":{"0":{"start":{"line":1,"column":0},"end":{"line":1,"column":44}},"1":{"start":{"line":2,"column":0},"end":{"line":2,"column":47}},"2":{"start":{"line":3,"column":0},"end":{"line":3,"column":33}},"3":{"start":{"line":4,"column":0},"end":{"line":4,"column":41}},"4":{"start":{"line":5,"column":0},"end":{"line":5,"column":35}},"5":{"start":{"line":6,"column":0},"end":{"line":6,"column":55}},"6":{"start":{"line":10,"column":7},"end":{"line":46,"column":null}},"7":{"start":{"line":11,"column":43},"end":{"line":11,"column":54}},"8":{"start":{"line":12,"column":22},"end":{"line":12,"column":34}},"9":{"start":{"line":15,"column":42},"end":{"line":15,"column":46}},"10":{"start":{"line":18,"column":31},"end":{"line":18,"column":62}},"11":{"start":{"line":21,"column":24},"end":{"line":25,"column":10}},"12":{"start":{"line":27,"column":8},"end":{"line":27,"column":36}},"13":{"start":{"line":30,"column":15},"end":{"line":30,"column":66}},"14":{"start":{"line":31,"column":2},"end":{"line":33,"column":3}},"15":{"start":{"line":32,"column":4},"end":{"line":32,"column":59}},"16":{"start":{"line":35,"column":26},"end":{"line":35,"column":76}},"17":{"start":{"line":36,"column":2},"end":{"line":38,"column":3}},"18":{"start":{"line":37,"column":4},"end":{"line":37,"column":59}},"19":{"start":{"line":40,"column":18},"end":{"line":40,"column":53}},"20":{"start":{"line":41,"column":16},"end":{"line":41,"column":45}},"21":{"start":{"line":43,"column":2},"end":{"line":43,"column":33}},"22":{"start":{"line":10,"column":13},"end":{"line":10,"column":24}},"23":{"start":{"line":10,"column":13},"end":{"line":46,"column":null}}},"fnMap":{"0":{"name":"(anonymous_0)","decl":{"start":{"line":11,"column":2},"end":{"line":11,"column":15}},"loc":{"start":{"line":12,"column":44},"end":{"line":12,"column":54}}},"1":{"name":"(anonymous_1)","decl":{"start":{"line":14,"column":10},"end":{"line":14,"column":16}},"loc":{"start":{"line":14,"column":72},"end":{"line":28,"column":null}}},"2":{"name":"(anonymous_3)","decl":{"start":{"line":29,"column":10},"end":{"line":29,"column":16}},"loc":{"start":{"line":29,"column":58},"end":{"line":44,"column":null}}}},"branchMap":{"0":{"loc":{"start":{"line":31,"column":2},"end":{"line":33,"column":3}},"type":"if","locations":[{"start":{"line":31,"column":2},"end":{"line":33,"column":3}}]},"1":{"loc":{"start":{"line":36,"column":2},"end":{"line":38,"column":3}},"type":"if","locations":[{"start":{"line":36,"column":2},"end":{"line":38,"column":3}}]}},"s":{"0":2,"1":2,"2":2,"3":2,"4":2,"5":2,"6":2,"7":1,"8":1,"9":0,"10":0,"11":0,"12":0,"13":0,"14":0,"15":0,"16":0,"17":0,"18":0,"19":0,"20":0,"21":0,"22":2,"23":2},"f":{"0":1,"1":0,"2":0},"b":{"0":[0],"1":[0]}}
}
